<?xml version="1.0" encoding="UTF-8"?>
<testng-results skipped="0" failed="0" ignored="4" total="7" passed="3">
  <reporter-output>
  </reporter-output>
  <suite name="Suite" duration-ms="119736" started-at="2021-12-30T12:42:34Z" finished-at="2021-12-30T12:44:33Z">
    <groups>
      <group name="SmokeTest">
        <method signature="CreateOrgIndTypeTest.createOrgWithIndType()[pri:0, instance:mech.CreateOrgIndTypeTest@1ad282e0]" name="createOrgWithIndType" class="mech.CreateOrgIndTypeTest"/>
      </group> <!-- SmokeTest -->
      <group name="FullRegression">
        <method signature="CreateContactWithOrgDeleteOrgTest.createContactWithOrgDeleteOrgTest()[pri:0, instance:mech.CreateContactWithOrgDeleteOrgTest@51b279c9]" name="createContactWithOrgDeleteOrgTest" class="mech.CreateContactWithOrgDeleteOrgTest"/>
      </group> <!-- FullRegression -->
    </groups>
    <test name="Test" duration-ms="119736" started-at="2021-12-30T12:42:34Z" finished-at="2021-12-30T12:44:33Z">
      <class name="mech.CreateContactWithOrgDeleteOrgTest">
        <test-method status="PASS" signature="launchBrowser()[pri:0, instance:mech.CreateContactWithOrgDeleteOrgTest@51b279c9]" name="launchBrowser" is-config="true" duration-ms="4999" started-at="2021-12-30T12:43:18Z" finished-at="2021-12-30T12:43:23Z">
          <reporter-output>
          </reporter-output>
        </test-method> <!-- launchBrowser -->
        <test-method status="PASS" signature="loginToApp()[pri:0, instance:mech.CreateContactWithOrgDeleteOrgTest@51b279c9]" name="loginToApp" is-config="true" duration-ms="6135" started-at="2021-12-30T12:43:23Z" finished-at="2021-12-30T12:43:29Z">
          <reporter-output>
          </reporter-output>
        </test-method> <!-- loginToApp -->
        <test-method status="PASS" signature="createContactWithOrgDeleteOrgTest()[pri:0, instance:mech.CreateContactWithOrgDeleteOrgTest@51b279c9]" name="createContactWithOrgDeleteOrgTest" duration-ms="22015" started-at="2021-12-30T12:43:29Z" finished-at="2021-12-30T12:43:51Z">
          <reporter-output>
          </reporter-output>
        </test-method> <!-- createContactWithOrgDeleteOrgTest -->
        <test-method status="PASS" signature="logoutOfApp()[pri:0, instance:mech.CreateContactWithOrgDeleteOrgTest@51b279c9]" name="logoutOfApp" is-config="true" duration-ms="1373" started-at="2021-12-30T12:43:51Z" finished-at="2021-12-30T12:43:52Z">
          <reporter-output>
          </reporter-output>
        </test-method> <!-- logoutOfApp -->
        <test-method status="PASS" signature="closeBrowser()[pri:0, instance:mech.CreateContactWithOrgDeleteOrgTest@51b279c9]" name="closeBrowser" is-config="true" duration-ms="689" started-at="2021-12-30T12:43:52Z" finished-at="2021-12-30T12:43:53Z">
          <reporter-output>
          </reporter-output>
        </test-method> <!-- closeBrowser -->
      </class> <!-- mech.CreateContactWithOrgDeleteOrgTest -->
      <class name="mech.CreateOrgTest$CreateOrganizationWithContactTest">
        <test-method status="PASS" signature="dbConnection()[pri:0, instance:mech.CreateOrgTest$CreateOrganizationWithContactTest@133e16fd]" name="dbConnection" is-config="true" duration-ms="13" started-at="2021-12-30T12:42:34Z" finished-at="2021-12-30T12:42:34Z">
          <reporter-output>
          </reporter-output>
        </test-method> <!-- dbConnection -->
        <test-method status="PASS" signature="launchBrowser()[pri:0, instance:mech.CreateOrgTest$CreateOrganizationWithContactTest@133e16fd]" name="launchBrowser" is-config="true" duration-ms="7502" started-at="2021-12-30T12:42:34Z" finished-at="2021-12-30T12:42:41Z">
          <reporter-output>
          </reporter-output>
        </test-method> <!-- launchBrowser -->
        <test-method status="PASS" signature="loginToApp()[pri:0, instance:mech.CreateOrgTest$CreateOrganizationWithContactTest@133e16fd]" name="loginToApp" is-config="true" duration-ms="9691" started-at="2021-12-30T12:42:41Z" finished-at="2021-12-30T12:42:51Z">
          <reporter-output>
          </reporter-output>
        </test-method> <!-- loginToApp -->
        <test-method status="PASS" signature="createOrganizationWithContactTest()[pri:0, instance:mech.CreateOrgTest$CreateOrganizationWithContactTest@133e16fd]" name="createOrganizationWithContactTest" duration-ms="24789" started-at="2021-12-30T12:42:51Z" finished-at="2021-12-30T12:43:16Z">
          <reporter-output>
          </reporter-output>
        </test-method> <!-- createOrganizationWithContactTest -->
        <test-method status="PASS" signature="logoutOfApp()[pri:0, instance:mech.CreateOrgTest$CreateOrganizationWithContactTest@133e16fd]" name="logoutOfApp" is-config="true" duration-ms="1472" started-at="2021-12-30T12:43:16Z" finished-at="2021-12-30T12:43:17Z">
          <reporter-output>
          </reporter-output>
        </test-method> <!-- logoutOfApp -->
        <test-method status="PASS" signature="closeBrowser()[pri:0, instance:mech.CreateOrgTest$CreateOrganizationWithContactTest@133e16fd]" name="closeBrowser" is-config="true" duration-ms="675" started-at="2021-12-30T12:43:17Z" finished-at="2021-12-30T12:43:18Z">
          <reporter-output>
          </reporter-output>
        </test-method> <!-- closeBrowser -->
        <test-method status="PASS" signature="closeDbConnection()[pri:0, instance:mech.CreateOrgTest$CreateOrganizationWithContactTest@133e16fd]" name="closeDbConnection" is-config="true" duration-ms="1" started-at="2021-12-30T12:44:34Z" finished-at="2021-12-30T12:44:34Z">
          <reporter-output>
          </reporter-output>
        </test-method> <!-- closeDbConnection -->
      </class> <!-- mech.CreateOrgTest$CreateOrganizationWithContactTest -->
      <class name="mech.CreateOrgIndTypeTest">
        <test-method status="PASS" signature="launchBrowser()[pri:0, instance:mech.CreateOrgIndTypeTest@1ad282e0]" name="launchBrowser" is-config="true" duration-ms="5797" started-at="2021-12-30T12:43:53Z" finished-at="2021-12-30T12:43:59Z">
          <reporter-output>
          </reporter-output>
        </test-method> <!-- launchBrowser -->
        <test-method status="PASS" signature="loginToApp()[pri:0, instance:mech.CreateOrgIndTypeTest@1ad282e0]" name="loginToApp" is-config="true" duration-ms="5976" started-at="2021-12-30T12:43:59Z" finished-at="2021-12-30T12:44:05Z">
          <reporter-output>
          </reporter-output>
        </test-method> <!-- loginToApp -->
        <test-method status="PASS" signature="createOrgWithIndType()[pri:0, instance:mech.CreateOrgIndTypeTest@1ad282e0]" name="createOrgWithIndType" duration-ms="8214" started-at="2021-12-30T12:44:05Z" finished-at="2021-12-30T12:44:13Z">
          <reporter-output>
          </reporter-output>
        </test-method> <!-- createOrgWithIndType -->
        <test-method status="FAIL" signature="logoutOfApp()[pri:0, instance:mech.CreateOrgIndTypeTest@1ad282e0]" name="logoutOfApp" is-config="true" duration-ms="20335" started-at="2021-12-30T12:44:13Z" finished-at="2021-12-30T12:44:33Z">
          <exception class="org.openqa.selenium.NoSuchElementException">
            <message>
              <![CDATA[no such element: Unable to locate element: {"method":"link text","selector":"Sign Out"}
  (Session info: chrome=96.0.4664.110)
For documentation on this error, please visit: https://www.seleniumhq.org/exceptions/no_such_element.html
Build info: version: '3.141.59', revision: 'e82be7d358', time: '2018-11-14T08:17:03'
System info: host: 'SHIVAKUMAR-LAP', ip: '192.168.131.180', os.name: 'Windows 10', os.arch: 'amd64', os.version: '10.0', java.version: '1.8.0_201'
Driver info: org.openqa.selenium.chrome.ChromeDriver
Capabilities {acceptInsecureCerts: false, browserName: chrome, browserVersion: 96.0.4664.110, chrome: {chromedriverVersion: 96.0.4664.45 (76e4c1bb2ab46..., userDataDir: C:\Users\HP\AppData\Local\T...}, goog:chromeOptions: {debuggerAddress: localhost:10703}, javascriptEnabled: true, networkConnectionEnabled: false, pageLoadStrategy: normal, platform: WINDOWS, platformName: WINDOWS, proxy: Proxy(), setWindowRect: true, strictFileInteractability: false, timeouts: {implicit: 0, pageLoad: 300000, script: 30000}, unhandledPromptBehavior: dismiss and notify, webauthn:extension:credBlob: true, webauthn:extension:largeBlob: true, webauthn:virtualAuthenticators: true}
Session ID: 9e67d9b7624ab135d851fe74ae78c8e3
*** Element info: {Using=link text, value=Sign Out}]]>
            </message>
            <full-stacktrace>
              <![CDATA[org.openqa.selenium.NoSuchElementException: no such element: Unable to locate element: {"method":"link text","selector":"Sign Out"}
  (Session info: chrome=96.0.4664.110)
For documentation on this error, please visit: https://www.seleniumhq.org/exceptions/no_such_element.html
Build info: version: '3.141.59', revision: 'e82be7d358', time: '2018-11-14T08:17:03'
System info: host: 'SHIVAKUMAR-LAP', ip: '192.168.131.180', os.name: 'Windows 10', os.arch: 'amd64', os.version: '10.0', java.version: '1.8.0_201'
Driver info: org.openqa.selenium.chrome.ChromeDriver
Capabilities {acceptInsecureCerts: false, browserName: chrome, browserVersion: 96.0.4664.110, chrome: {chromedriverVersion: 96.0.4664.45 (76e4c1bb2ab46..., userDataDir: C:\Users\HP\AppData\Local\T...}, goog:chromeOptions: {debuggerAddress: localhost:10703}, javascriptEnabled: true, networkConnectionEnabled: false, pageLoadStrategy: normal, platform: WINDOWS, platformName: WINDOWS, proxy: Proxy(), setWindowRect: true, strictFileInteractability: false, timeouts: {implicit: 0, pageLoad: 300000, script: 30000}, unhandledPromptBehavior: dismiss and notify, webauthn:extension:credBlob: true, webauthn:extension:largeBlob: true, webauthn:virtualAuthenticators: true}
Session ID: 9e67d9b7624ab135d851fe74ae78c8e3
*** Element info: {Using=link text, value=Sign Out}
at sun.reflect.NativeConstructorAccessorImpl.newInstance0(Native Method)
at sun.reflect.NativeConstructorAccessorImpl.newInstance(NativeConstructorAccessorImpl.java:62)
at sun.reflect.DelegatingConstructorAccessorImpl.newInstance(DelegatingConstructorAccessorImpl.java:45)
at java.lang.reflect.Constructor.newInstance(Constructor.java:423)
at org.openqa.selenium.remote.http.W3CHttpResponseCodec.createException(W3CHttpResponseCodec.java:187)
at org.openqa.selenium.remote.http.W3CHttpResponseCodec.decode(W3CHttpResponseCodec.java:122)
at org.openqa.selenium.remote.http.W3CHttpResponseCodec.decode(W3CHttpResponseCodec.java:49)
at org.openqa.selenium.remote.HttpCommandExecutor.execute(HttpCommandExecutor.java:158)
at org.openqa.selenium.remote.service.DriverCommandExecutor.execute(DriverCommandExecutor.java:83)
at org.openqa.selenium.remote.RemoteWebDriver.execute(RemoteWebDriver.java:552)
at org.openqa.selenium.remote.RemoteWebDriver.findElement(RemoteWebDriver.java:323)
at org.openqa.selenium.remote.RemoteWebDriver.findElementByLinkText(RemoteWebDriver.java:380)
at org.openqa.selenium.By$ByLinkText.findElement(By.java:220)
at org.openqa.selenium.remote.RemoteWebDriver.findElement(RemoteWebDriver.java:315)
at org.openqa.selenium.support.pagefactory.DefaultElementLocator.findElement(DefaultElementLocator.java:69)
at org.openqa.selenium.support.pagefactory.internal.LocatingElementHandler.invoke(LocatingElementHandler.java:38)
at com.sun.proxy.$Proxy11.click(Unknown Source)
at com.crm.autodesk.ObjectRepository.HomePage.logout(HomePage.java:61)
at com.crm.autodesk.genericutility.BaseClass.logoutOfApp(BaseClass.java:72)
at sun.reflect.NativeMethodAccessorImpl.invoke0(Native Method)
at sun.reflect.NativeMethodAccessorImpl.invoke(NativeMethodAccessorImpl.java:62)
at sun.reflect.DelegatingMethodAccessorImpl.invoke(DelegatingMethodAccessorImpl.java:43)
at java.lang.reflect.Method.invoke(Method.java:498)
at org.testng.internal.MethodInvocationHelper.invokeMethod(MethodInvocationHelper.java:124)
at org.testng.internal.MethodInvocationHelper.invokeMethodConsideringTimeout(MethodInvocationHelper.java:59)
at org.testng.internal.Invoker.invokeConfigurationMethod(Invoker.java:458)
at org.testng.internal.Invoker.invokeConfigurations(Invoker.java:222)
at org.testng.internal.Invoker.invokeMethod(Invoker.java:646)
at org.testng.internal.Invoker.invokeTestMethod(Invoker.java:719)
at org.testng.internal.Invoker.invokeTestMethods(Invoker.java:989)
at org.testng.internal.TestMethodWorker.invokeTestMethods(TestMethodWorker.java:125)
at org.testng.internal.TestMethodWorker.run(TestMethodWorker.java:109)
at org.testng.TestRunner.privateRun(TestRunner.java:648)
at org.testng.TestRunner.run(TestRunner.java:505)
at org.testng.SuiteRunner.runTest(SuiteRunner.java:455)
at org.testng.SuiteRunner.runSequentially(SuiteRunner.java:450)
at org.testng.SuiteRunner.privateRun(SuiteRunner.java:415)
at org.testng.SuiteRunner.run(SuiteRunner.java:364)
at org.testng.SuiteRunnerWorker.runSuite(SuiteRunnerWorker.java:52)
at org.testng.SuiteRunnerWorker.run(SuiteRunnerWorker.java:84)
at org.testng.TestNG.runSuitesSequentially(TestNG.java:1208)
at org.testng.TestNG.runSuitesLocally(TestNG.java:1137)
at org.testng.TestNG.runSuites(TestNG.java:1049)
at org.testng.TestNG.run(TestNG.java:1017)
at org.apache.maven.surefire.testng.TestNGExecutor.run(TestNGExecutor.java:295)
at org.apache.maven.surefire.testng.TestNGXmlTestSuite.execute(TestNGXmlTestSuite.java:84)
at org.apache.maven.surefire.testng.TestNGProvider.invoke(TestNGProvider.java:90)
at org.apache.maven.surefire.booter.ForkedBooter.invokeProviderInSameClassLoader(ForkedBooter.java:203)
at org.apache.maven.surefire.booter.ForkedBooter.runSuitesInProcess(ForkedBooter.java:155)
at org.apache.maven.surefire.booter.ForkedBooter.main(ForkedBooter.java:103)
]]>
            </full-stacktrace>
          </exception> <!-- org.openqa.selenium.NoSuchElementException -->
          <reporter-output>
          </reporter-output>
        </test-method> <!-- logoutOfApp -->
        <test-method status="SKIP" signature="closeBrowser()[pri:0, instance:mech.CreateOrgIndTypeTest@1ad282e0]" name="closeBrowser" is-config="true" duration-ms="0" started-at="2021-12-30T12:44:33Z" finished-at="2021-12-30T12:44:33Z">
          <reporter-output>
          </reporter-output>
        </test-method> <!-- closeBrowser -->
      </class> <!-- mech.CreateOrgIndTypeTest -->
    </test> <!-- Test -->
  </suite> <!-- Suite -->
</testng-results>
